  main.cpp
  ConsoleGame.cpp
  WordleSim.cpp
C:\Users\luigi\College\Artificial Intelligence\Final Project\ConstraintSatisfactionWordle\Wordle AI\Wordle Sim\src\ConsoleGame.cpp(107,35): error C2664: 'Results WordleSim::make_guess(const std::string_view)': cannot convert argument 1 from 'const std::string *' to 'const std::string_view'
C:\Users\luigi\College\Artificial Intelligence\Final Project\ConstraintSatisfactionWordle\Wordle AI\Wordle Sim\src\ConsoleGame.cpp(107,35): message : No constructor could take the source type, or constructor overload resolution was ambiguous
C:\Users\luigi\College\Artificial Intelligence\Final Project\ConstraintSatisfactionWordle\Wordle AI\Wordle Sim\src\WordleSim.h(73,10): message : see declaration of 'WordleSim::make_guess' (compiling source file src\ConsoleGame.cpp)
C:\Users\luigi\College\Artificial Intelligence\Final Project\ConstraintSatisfactionWordle\Wordle AI\Wordle Sim\src\WordleSim.cpp(13,2): error C2614: 'Results': illegal member initialization: 'feedbacks' is not a base or member
C:\Users\luigi\College\Artificial Intelligence\Final Project\ConstraintSatisfactionWordle\Wordle AI\Wordle Sim\src\WordleSim.cpp(21,33): error C2065: 'feedbacks': undeclared identifier
C:\Users\luigi\College\Artificial Intelligence\Final Project\ConstraintSatisfactionWordle\Wordle AI\Wordle Sim\src\WordleSim.cpp(21,2): error C4430: missing type specifier - int assumed. Note: C++ does not support default-int
C:\Users\luigi\College\Artificial Intelligence\Final Project\ConstraintSatisfactionWordle\Wordle AI\Wordle Sim\src\WordleSim.cpp(21,22): error C2146: syntax error: missing ';' before identifier 'feedback'
C:\Users\luigi\College\Artificial Intelligence\Final Project\ConstraintSatisfactionWordle\Wordle AI\Wordle Sim\src\WordleSim.cpp(21,31): error C2143: syntax error: missing ';' before ':'
C:\Users\luigi\College\Artificial Intelligence\Final Project\ConstraintSatisfactionWordle\Wordle AI\Wordle Sim\src\WordleSim.cpp(21,31): error C2143: syntax error: missing ')' before ':'
C:\Users\luigi\College\Artificial Intelligence\Final Project\ConstraintSatisfactionWordle\Wordle AI\Wordle Sim\src\WordleSim.cpp(21,31): error C2059: syntax error: ':'
C:\Users\luigi\College\Artificial Intelligence\Final Project\ConstraintSatisfactionWordle\Wordle AI\Wordle Sim\src\WordleSim.cpp(21,2): error C2059: syntax error: ')'
C:\Users\luigi\College\Artificial Intelligence\Final Project\ConstraintSatisfactionWordle\Wordle AI\Wordle Sim\src\WordleSim.cpp(22,2): error C2143: syntax error: missing ';' before '{'
C:\Users\luigi\College\Artificial Intelligence\Final Project\ConstraintSatisfactionWordle\Wordle AI\Wordle Sim\src\WordleSim.cpp(23,7): error C2065: 'feedback': undeclared identifier
C:\Users\luigi\College\Artificial Intelligence\Final Project\ConstraintSatisfactionWordle\Wordle AI\Wordle Sim\src\WordleSim.cpp(39,36): error C2065: 'feedbacks': undeclared identifier
C:\Users\luigi\College\Artificial Intelligence\Final Project\ConstraintSatisfactionWordle\Wordle AI\Wordle Sim\src\WordleSim.cpp(49,9): error C2143: syntax error: missing ';' before '&'
C:\Users\luigi\College\Artificial Intelligence\Final Project\ConstraintSatisfactionWordle\Wordle AI\Wordle Sim\src\WordleSim.cpp(49,9): error C4430: missing type specifier - int assumed. Note: C++ does not support default-int
C:\Users\luigi\College\Artificial Intelligence\Final Project\ConstraintSatisfactionWordle\Wordle AI\Wordle Sim\src\WordleSim.cpp(50,1): error C2761: 'at': redeclaration of member is not allowed
C:\Users\luigi\College\Artificial Intelligence\Final Project\ConstraintSatisfactionWordle\Wordle AI\Wordle Sim\src\WordleSim.cpp(50,1): error C2059: syntax error: '{'
C:\Users\luigi\College\Artificial Intelligence\Final Project\ConstraintSatisfactionWordle\Wordle AI\Wordle Sim\src\WordleSim.cpp(50,1): error C2143: syntax error: missing ';' before '{'
C:\Users\luigi\College\Artificial Intelligence\Final Project\ConstraintSatisfactionWordle\Wordle AI\Wordle Sim\src\WordleSim.cpp(50,1): error C2447: '{': missing function header (old-style formal list?)
C:\Users\luigi\College\Artificial Intelligence\Final Project\ConstraintSatisfactionWordle\Wordle AI\Wordle Sim\src\WordleSim.cpp(57,15): error C4430: missing type specifier - int assumed. Note: C++ does not support default-int
C:\Users\luigi\College\Artificial Intelligence\Final Project\ConstraintSatisfactionWordle\Wordle AI\Wordle Sim\src\WordleSim.cpp(57,15): error C2143: syntax error: missing ';' before '&'
C:\Users\luigi\College\Artificial Intelligence\Final Project\ConstraintSatisfactionWordle\Wordle AI\Wordle Sim\src\WordleSim.cpp(57,7): error C2373: 'Feedback': redefinition; different type modifiers
C:\Users\luigi\College\Artificial Intelligence\Final Project\ConstraintSatisfactionWordle\Wordle AI\Wordle Sim\src\WordleSim.cpp(49): message : see declaration of 'Feedback'
C:\Users\luigi\College\Artificial Intelligence\Final Project\ConstraintSatisfactionWordle\Wordle AI\Wordle Sim\src\WordleSim.cpp(58,1): error C2761: 'at': redeclaration of member is not allowed
C:\Users\luigi\College\Artificial Intelligence\Final Project\ConstraintSatisfactionWordle\Wordle AI\Wordle Sim\src\WordleSim.cpp(58,1): error C2059: syntax error: '{'
C:\Users\luigi\College\Artificial Intelligence\Final Project\ConstraintSatisfactionWordle\Wordle AI\Wordle Sim\src\WordleSim.cpp(58,1): error C2143: syntax error: missing ';' before '{'
C:\Users\luigi\College\Artificial Intelligence\Final Project\ConstraintSatisfactionWordle\Wordle AI\Wordle Sim\src\WordleSim.cpp(58,1): error C2447: '{': missing function header (old-style formal list?)
C:\Users\luigi\College\Artificial Intelligence\Final Project\ConstraintSatisfactionWordle\Wordle AI\Wordle Sim\src\WordleSim.cpp(67,9): error C2065: 'feedbacks': undeclared identifier
C:\Users\luigi\College\Artificial Intelligence\Final Project\ConstraintSatisfactionWordle\Wordle AI\Wordle Sim\src\WordleSim.cpp(75,9): error C2065: 'feedbacks': undeclared identifier
C:\Users\luigi\College\Artificial Intelligence\Final Project\ConstraintSatisfactionWordle\Wordle AI\Wordle Sim\src\WordleSim.cpp(83,9): error C2065: 'feedbacks': undeclared identifier
C:\Users\luigi\College\Artificial Intelligence\Final Project\ConstraintSatisfactionWordle\Wordle AI\Wordle Sim\src\WordleSim.cpp(128,2): error C2511: 'WordleSim::WordleSim(const std::string_view)': overloaded member function not found in 'WordleSim'
C:\Users\luigi\College\Artificial Intelligence\Final Project\ConstraintSatisfactionWordle\Wordle AI\Wordle Sim\src\WordleSim.h(62): message : see declaration of 'WordleSim'
C:\Users\luigi\College\Artificial Intelligence\Final Project\ConstraintSatisfactionWordle\Wordle AI\Wordle Sim\src\WordleSim.cpp(127,45): warning C4458: declaration of 'word' hides class member
C:\Users\luigi\College\Artificial Intelligence\Final Project\ConstraintSatisfactionWordle\Wordle AI\Wordle Sim\src\WordleSim.h(66,14): message : see declaration of 'WordleSim::word' (compiling source file src\WordleSim.cpp)
C:\Users\luigi\College\Artificial Intelligence\Final Project\ConstraintSatisfactionWordle\Wordle AI\Wordle Sim\src\WordleSim.cpp(130,1): error C2550: 'WordleSim::{ctor}': constructor initializer lists are only allowed on constructor definitions
C:\Users\luigi\College\Artificial Intelligence\Final Project\ConstraintSatisfactionWordle\Wordle AI\Wordle Sim\src\WordleSim.cpp(135,42): error C4430: missing type specifier - int assumed. Note: C++ does not support default-int
C:\Users\luigi\College\Artificial Intelligence\Final Project\ConstraintSatisfactionWordle\Wordle AI\Wordle Sim\src\WordleSim.cpp(135,42): error C2146: syntax error: missing ')' before identifier 'guess'
C:\Users\luigi\College\Artificial Intelligence\Final Project\ConstraintSatisfactionWordle\Wordle AI\Wordle Sim\src\WordleSim.cpp(135,42): error C3646: 'guess': unknown override specifier
C:\Users\luigi\College\Artificial Intelligence\Final Project\ConstraintSatisfactionWordle\Wordle AI\Wordle Sim\src\WordleSim.cpp(135,47): error C2059: syntax error: ')'
C:\Users\luigi\College\Artificial Intelligence\Final Project\ConstraintSatisfactionWordle\Wordle AI\Wordle Sim\src\WordleSim.cpp(136,1): error C2511: 'Results WordleSim::make_guess(const int)': overloaded member function not found in 'WordleSim'
C:\Users\luigi\College\Artificial Intelligence\Final Project\ConstraintSatisfactionWordle\Wordle AI\Wordle Sim\src\WordleSim.h(62): message : see declaration of 'WordleSim'
C:\Users\luigi\College\Artificial Intelligence\Final Project\ConstraintSatisfactionWordle\Wordle AI\Wordle Sim\src\WordleSim.cpp(137,6): error C2065: 'guess': undeclared identifier
C:\Users\luigi\College\Artificial Intelligence\Final Project\ConstraintSatisfactionWordle\Wordle AI\Wordle Sim\src\WordleSim.cpp(141,32): error C2512: 'Results': no appropriate default constructor available
C:\Users\luigi\College\Artificial Intelligence\Final Project\ConstraintSatisfactionWordle\Wordle AI\Wordle Sim\src\WordleSim.cpp(141,32): message : No constructor could take the source type, or constructor overload resolution was ambiguous
C:\Users\luigi\College\Artificial Intelligence\Final Project\ConstraintSatisfactionWordle\Wordle AI\Wordle Sim\src\WordleSim.cpp(147,28): error C2065: 'guess': undeclared identifier
C:\Users\luigi\College\Artificial Intelligence\Final Project\ConstraintSatisfactionWordle\Wordle AI\Wordle Sim\src\WordleSim.cpp(149,28): error C2119: 'current_letter': the type for 'const auto' cannot be deduced from an empty initializer
C:\Users\luigi\College\Artificial Intelligence\Final Project\ConstraintSatisfactionWordle\Wordle AI\Wordle Sim\src\WordleSim.cpp(153,20): error C2672: 'std::count': no matching overloaded function found
C:\Users\luigi\College\Artificial Intelligence\Final Project\ConstraintSatisfactionWordle\Wordle AI\Wordle Sim\src\WordleSim.cpp(153,66): error C2780: 'iterator_traits<_DestIt>::difference_type std::count(_ExPo &&,const _FwdIt,const _FwdIt,const _Ty &) noexcept': expects 4 arguments - 2 provided
C:\Program Files\Microsoft Visual Studio\2022\Community\VC\Tools\MSVC\14.31.31103\include\xutility(5323): message : see declaration of 'std::count'
C:\Users\luigi\College\Artificial Intelligence\Final Project\ConstraintSatisfactionWordle\Wordle AI\Wordle Sim\src\WordleSim.cpp(153,66): error C2780: 'iterator_traits<_Iter>::difference_type std::count(const _InIt,const _InIt,const _Ty &)': expects 3 arguments - 2 provided
C:\Program Files\Microsoft Visual Studio\2022\Community\VC\Tools\MSVC\14.31.31103\include\xutility(5301): message : see declaration of 'std::count'
C:\Users\luigi\College\Artificial Intelligence\Final Project\ConstraintSatisfactionWordle\Wordle AI\Wordle Sim\src\WordleSim.cpp(153,13): error C2119: 'count': the type for 'auto' cannot be deduced from an empty initializer
C:\Users\luigi\College\Artificial Intelligence\Final Project\ConstraintSatisfactionWordle\Wordle AI\Wordle Sim\src\WordleSim.cpp(165,36): error C2065: 'guess': undeclared identifier
C:\Users\luigi\College\Artificial Intelligence\Final Project\ConstraintSatisfactionWordle\Wordle AI\Wordle Sim\src\WordleSim.cpp(165,21): error C2119: 'gchar': the type for 'const auto' cannot be deduced from an empty initializer
C:\Users\luigi\College\Artificial Intelligence\Final Project\ConstraintSatisfactionWordle\Wordle AI\Wordle Sim\src\WordleSim.cpp(174,3): error C2671: 'WordleSim::make_guess': static member functions do not have 'this' pointers
C:\Users\luigi\College\Artificial Intelligence\Final Project\ConstraintSatisfactionWordle\Wordle AI\Wordle Sim\src\WordleSim.cpp(174,3): error C2440: '<function-style-cast>': cannot convert from 'initializer list' to 'WordleSim::make_guess::<lambda_20f21fe3824eab8dd43e147112318000>'
C:\Users\luigi\College\Artificial Intelligence\Final Project\ConstraintSatisfactionWordle\Wordle AI\Wordle Sim\src\WordleSim.cpp(174,3): message : No constructor could take the source type, or constructor overload resolution was ambiguous
C:\Users\luigi\College\Artificial Intelligence\Final Project\ConstraintSatisfactionWordle\Wordle AI\Wordle Sim\src\WordleSim.cpp(156,14): error C2737: 'assign': const object must be initialized
C:\Users\luigi\College\Artificial Intelligence\Final Project\ConstraintSatisfactionWordle\Wordle AI\Wordle Sim\src\WordleSim.cpp(177,9): error C3536: 'assign': cannot be used before it is initialized
C:\Users\luigi\College\Artificial Intelligence\Final Project\ConstraintSatisfactionWordle\Wordle AI\Wordle Sim\src\WordleSim.cpp(177,3): error C2064: term does not evaluate to a function taking 2 arguments
C:\Users\luigi\College\Artificial Intelligence\Final Project\ConstraintSatisfactionWordle\Wordle AI\Wordle Sim\src\WordleSim.cpp(178,3): error C2064: term does not evaluate to a function taking 2 arguments
C:\Users\luigi\College\Artificial Intelligence\Final Project\ConstraintSatisfactionWordle\Wordle AI\Wordle Sim\src\WordleSim.cpp(181,13): error C2597: illegal reference to non-static member 'WordleSim::try_count'
C:\Users\luigi\College\Artificial Intelligence\Final Project\ConstraintSatisfactionWordle\Wordle AI\Wordle Sim\src\WordleSim.cpp(181,13): error C3867: 'WordleSim::try_count': non-standard syntax; use '&' to create a pointer to member
C:\Users\luigi\College\Artificial Intelligence\Final Project\ConstraintSatisfactionWordle\Wordle AI\Wordle Sim\src\WordleSim.cpp(181,13): error C2568: '++': unable to resolve function overload
C:\Users\luigi\College\Artificial Intelligence\Final Project\ConstraintSatisfactionWordle\Wordle AI\Wordle Sim\src\WordleSim.cpp(203,29): error C2039: 'answer': is not a member of 'WordleSim'
C:\Users\luigi\College\Artificial Intelligence\Final Project\ConstraintSatisfactionWordle\Wordle AI\Wordle Sim\src\WordleSim.h(62): message : see declaration of 'WordleSim'
C:\Users\luigi\College\Artificial Intelligence\Final Project\ConstraintSatisfactionWordle\Wordle AI\Wordle Sim\src\WordleSim.cpp(204,1): error C2270: 'answer': modifiers not allowed on nonmember functions
C:\Users\luigi\College\Artificial Intelligence\Final Project\ConstraintSatisfactionWordle\Wordle AI\Wordle Sim\src\WordleSim.cpp(205,9): error C2065: 'word': undeclared identifier
